0 info it worked if it ends with ok
1 verbose cli [ 'c:\\Program Files\\nodejs\\node.exe',
1 verbose cli   'c:\\Program Files\\nodejs\\node_modules\\npm\\bin\\npm-cli.js',
1 verbose cli   'install',
1 verbose cli   'ng-route',
1 verbose cli   '--save' ]
2 info using npm@1.4.14
3 info using node@v0.10.29
4 verbose readDependencies using package.json deps
5 verbose cache add [ 'ng-route', null ]
6 verbose cache add name=undefined spec="ng-route" args=["ng-route",null]
7 verbose parsed url { protocol: null,
7 verbose parsed url   slashes: null,
7 verbose parsed url   auth: null,
7 verbose parsed url   host: null,
7 verbose parsed url   port: null,
7 verbose parsed url   hostname: null,
7 verbose parsed url   hash: null,
7 verbose parsed url   search: null,
7 verbose parsed url   query: null,
7 verbose parsed url   pathname: 'ng-route',
7 verbose parsed url   path: 'ng-route',
7 verbose parsed url   href: 'ng-route' }
8 silly lockFile 14fabfbe-ng-route ng-route
9 verbose lock ng-route C:\Users\YoshyPamp\AppData\Roaming\npm-cache\14fabfbe-ng-route.lock
10 silly lockFile 14fabfbe-ng-route ng-route
11 silly lockFile 14fabfbe-ng-route ng-route
12 verbose addNamed [ 'ng-route', '' ]
13 verbose addNamed [ null, '*' ]
14 silly lockFile d71699b5-ng-route ng-route@
15 verbose lock ng-route@ C:\Users\YoshyPamp\AppData\Roaming\npm-cache\d71699b5-ng-route.lock
16 silly addNameRange { name: 'ng-route', range: '*', hasData: false }
17 verbose url raw ng-route
18 verbose url resolving [ 'https://registry.npmjs.org/', './ng-route' ]
19 verbose url resolved https://registry.npmjs.org/ng-route
20 info trying registry request attempt 1 at 18:01:07
21 http GET https://registry.npmjs.org/ng-route
22 http 404 https://registry.npmjs.org/ng-route
23 silly registry.get cb [ 404,
23 silly registry.get   { 'content-type': 'application/json',
23 silly registry.get     'cache-control': 'max-age=0',
23 silly registry.get     'content-length': '2',
23 silly registry.get     'accept-ranges': 'bytes',
23 silly registry.get     date: 'Sat, 16 Apr 2016 21:00:36 GMT',
23 silly registry.get     via: '1.1 varnish',
23 silly registry.get     age: '0',
23 silly registry.get     connection: 'keep-alive',
23 silly registry.get     'x-served-by': 'cache-sjc3125-SJC',
23 silly registry.get     'x-cache': 'MISS',
23 silly registry.get     'x-cache-hits': '0',
23 silly registry.get     'x-timer': 'S1460840435.999456,VS0,VE36',
23 silly registry.get     vary: 'Accept-Encoding' } ]
24 silly lockFile d71699b5-ng-route ng-route@
25 silly lockFile d71699b5-ng-route ng-route@
26 error 404 Not Found
26 error 404
26 error 404 'ng-route' is not in the npm registry.
26 error 404 You should bug the author to publish it
26 error 404 It was specified as a dependency of 'YPWebSite'
26 error 404
26 error 404 Note that you can also install from a
26 error 404 tarball, folder, or http url, or git url.
27 error System Windows_NT 6.2.9200
28 error command "c:\\Program Files\\nodejs\\node.exe" "c:\\Program Files\\nodejs\\node_modules\\npm\\bin\\npm-cli.js" "install" "ng-route" "--save"
29 error cwd t:\Proyecto YP\YPWebSite
30 error node -v v0.10.29
31 error npm -v 1.4.14
32 error code E404
33 verbose exit [ 1, true ]
